<?xml version="1.0" encoding="UTF-8"?>
<testng-results ignored="0" total="1" passed="1" failed="0" skipped="0">
  <reporter-output>
  </reporter-output>
  <suite started-at="2025-03-19T09:25:49 IST" name="Suite" finished-at="2025-03-19T09:26:53 IST" duration-ms="64910">
    <groups>
      <group name="cucumber">
        <method signature="AbstractTestNGCucumberTests.runScenario(io.cucumber.testng.PickleWrapper,io.cucumber.testng.FeatureWrapper)[pri:0, instance:com.TestRunner.Registration_TestRunner@163370c2]" name="runScenario" class="io.cucumber.testng.AbstractTestNGCucumberTests"/>
      </group> <!-- cucumber -->
    </groups>
    <test started-at="2025-03-19T09:25:49 IST" name="Test" finished-at="2025-03-19T09:26:53 IST" duration-ms="64910">
      <class name="com.TestRunner.Registration_TestRunner">
        <test-method is-config="true" signature="setup(java.lang.String,java.lang.String)[pri:0, instance:com.TestRunner.Registration_TestRunner@163370c2]" started-at="2025-03-19T09:25:49 IST" name="setup" finished-at="2025-03-19T09:25:49 IST" duration-ms="16" status="PASS">
          <params>
            <param index="0">
              <value>
                <![CDATA[edge]]>
              </value>
            </param>
            <param index="1">
              <value>
                <![CDATA[https://automationexercise.com/]]>
              </value>
            </param>
          </params>
          <reporter-output>
          </reporter-output>
        </test-method> <!-- setup -->
        <test-method is-config="true" signature="setUpClass(org.testng.ITestContext)[pri:0, instance:com.TestRunner.Registration_TestRunner@163370c2]" started-at="2025-03-19T09:25:49 IST" name="setUpClass" finished-at="2025-03-19T09:25:49 IST" duration-ms="202" status="PASS">
          <params>
            <param index="0">
              <value>
                <![CDATA[org.testng.TestRunner@76bf1bb8]]>
              </value>
            </param>
          </params>
          <reporter-output>
          </reporter-output>
        </test-method> <!-- setUpClass -->
        <test-method signature="runScenario(io.cucumber.testng.PickleWrapper,io.cucumber.testng.FeatureWrapper)[pri:0, instance:com.TestRunner.Registration_TestRunner@163370c2]" started-at="2025-03-19T09:25:49 IST" name="runScenario" description="Runs Cucumber Scenarios" data-provider="scenarios" finished-at="2025-03-19T09:26:53 IST" duration-ms="64653" status="PASS">
          <params>
            <param index="0">
              <value>
                <![CDATA["User places an order after logging in"]]>
              </value>
            </param>
            <param index="1">
              <value>
                <![CDATA["Place Order - Login before Checkout"]]>
              </value>
            </param>
          </params>
          <reporter-output>
          </reporter-output>
        </test-method> <!-- runScenario -->
        <test-method is-config="true" signature="tearDownClass()[pri:0, instance:com.TestRunner.Registration_TestRunner@163370c2]" started-at="2025-03-19T09:26:53 IST" name="tearDownClass" finished-at="2025-03-19T09:26:53 IST" duration-ms="3" status="PASS">
          <reporter-output>
          </reporter-output>
        </test-method> <!-- tearDownClass -->
      </class> <!-- com.TestRunner.Registration_TestRunner -->
    </test> <!-- Test -->
  </suite> <!-- Suite -->
</testng-results>
